Flutter crash report.
Please report a bug at https://github.com/flutter/flutter/issues.

## command

flutter run

## exception

RPCError: ext.flutter.debugPaint: (-32603) Unexpected DWDS error for callServiceExtension: WipError -32000 Promise was collected

```
#0      new _OutstandingRequest (package:vm_service/src/vm_service.dart:268:34)
#1      VmService._call.<anonymous closure> (package:vm_service/src/vm_service.dart:1950:25)
#2      VmService._call (package:vm_service/src/vm_service.dart:1962:8)
#3      VmService.callServiceExtension (package:vm_service/src/vm_service.dart:1901:14)
#4      FlutterVmService._checkedCallServiceExtension (package:flutter_tools/src/vmservice.dart:771:28)
#5      FlutterVmService.invokeFlutterExtensionRpcRaw (package:flutter_tools/src/vmservice.dart:790:49)
#6      FlutterVmService._flutterToggle (package:flutter_tools/src/vmservice.dart:636:21)
<asynchronous suspension>
#7      ResidentHandlers.debugToggleDebugPaintSizeEnabled (package:flutter_tools/src/resident_runner.dart:825:9)
<asynchronous suspension>
#8      TerminalHandler.processTerminalInput (package:flutter_tools/src/resident_runner.dart:1906:7)
<asynchronous suspension>
```

## flutter doctor

```
[32m[✓][39m Flutter (Channel stable, 3.41.2, on Ubuntu 24.04.4 LTS 6.17.0-14-generic, locale en_US.UTF-8) [46ms]
    [32m•[39m Flutter version 3.41.2 on channel stable at /home/hatim/development/flutter
    [32m•[39m Upstream repository https://github.com/flutter/flutter.git
    [32m•[39m Framework revision 90673a4eef (4 days ago), 2026-02-18 13:54:59 -0800
    [32m•[39m Engine revision 6c0baaebf7
    [32m•[39m Dart version 3.11.0
    [32m•[39m DevTools version 2.54.1
    [32m•[39m Feature flags: enable-web, enable-linux-desktop, enable-macos-desktop, enable-windows-desktop,
      enable-android, enable-ios, cli-animations, enable-native-assets, omit-legacy-version-file,
      enable-lldb-debugging, enable-uiscene-migration

[32m[✓][39m Android toolchain - develop for Android devices (Android SDK version 34.0.0) [2.6s]
    [32m•[39m Android SDK at /home/hatim/development/android-sdk
    [32m•[39m Emulator version 36.4.9.0 (build_id 14788078) (CL:N/A)
    [32m•[39m Platform android-36, build-tools 34.0.0
    [32m•[39m ANDROID_HOME = /home/hatim/development/android-sdk
    [32m•[39m ANDROID_SDK_ROOT = /home/hatim/development/android-sdk
    [32m•[39m Java binary at: /snap/android-studio/209/jbr/bin/java
      This is the JDK bundled with the latest Android Studio installation on this machine.
      To manually set the JDK path, use: `flutter config --jdk-dir="path/to/jdk"`.
    [32m•[39m Java version OpenJDK Runtime Environment (build 21.0.7+-13880790-b1038.58)
    [32m•[39m All Android licenses accepted.

[32m[✓][39m Chrome - develop for the web [4ms]
    [32m•[39m CHROME_EXECUTABLE = /snap/bin/chromium

[32m[✓][39m Linux toolchain - develop for Linux desktop [260ms]
    [32m•[39m Ubuntu clang version 18.1.3 (1ubuntu1)
    [32m•[39m cmake version 3.28.3
    [32m•[39m ninja version 1.11.1
    [32m•[39m pkg-config version 1.8.1
    [33m![39m Unable to access driver information using 'eglinfo'.
      It is likely available from your distribution (e.g.: apt install mesa-utils)

[32m[✓][39m Connected device (2 available) [59ms]
    [32m•[39m Linux (desktop) • linux  • linux-x64      • Ubuntu 24.04.4 LTS 6.17.0-14-generic
    [32m•[39m Chrome (web)    • chrome • web-javascript • Chromium 145.0.7632.109 snap

[32m[✓][39m Network resources [628ms]
    [32m•[39m All expected network resources are available.

[32m•[39m No issues found!
```
